c:\users\tohar\source\repos\homework1_consoleobserver\homework1_consoleobserver\x64\debug\vc143.pdb
c:\users\tohar\source\repos\homework1_consoleobserver\homework1_consoleobserver\x64\debug\vc143.idb
c:\users\tohar\source\repos\homework1_consoleobserver\homework1_consoleobserver\x64\debug\window.obj
c:\users\tohar\source\repos\homework1_consoleobserver\homework1_consoleobserver\x64\debug\bluetextprinter.obj
c:\users\tohar\source\repos\homework1_consoleobserver\homework1_consoleobserver\x64\debug\leavereaction.obj
c:\users\tohar\source\repos\homework1_consoleobserver\homework1_consoleobserver\x64\debug\greentextprinter.obj
c:\users\tohar\source\repos\homework1_consoleobserver\homework1_consoleobserver\x64\debug\enterreaction.obj
c:\users\tohar\source\repos\homework1_consoleobserver\homework1_consoleobserver\x64\debug\cursorinwindowreactionstrategy.obj
c:\users\tohar\source\repos\homework1_consoleobserver\homework1_consoleobserver\x64\debug\abstractcursorinwindowreaction.obj
c:\users\tohar\source\repos\homework1_consoleobserver\homework1_consoleobserver\x64\debug\main.obj
c:\users\tohar\source\repos\homework1_consoleobserver\homework1_consoleobserver\x64\debug\logger.obj
c:\users\tohar\source\repos\homework1_consoleobserver\x64\debug\homework1_consoleobserver.exe
c:\users\tohar\source\repos\homework1_consoleobserver\homework1_consoleobserver\x64\debug\homework1_consoleobserver.ilk
c:\users\tohar\source\repos\homework1_consoleobserver\x64\debug\homework1_consoleobserver.pdb
c:\users\tohar\source\repos\homework1_consoleobserver\homework1_consoleobserver\x64\debug\homework1_consoleobserver.obj
c:\users\tohar\source\repos\homework1_consoleobserver\homework1_consoleobserver\x64\debug\homework.635fc7dd.tlog\cl.command.1.tlog
c:\users\tohar\source\repos\homework1_consoleobserver\homework1_consoleobserver\x64\debug\homework.635fc7dd.tlog\cl.read.1.tlog
c:\users\tohar\source\repos\homework1_consoleobserver\homework1_consoleobserver\x64\debug\homework.635fc7dd.tlog\cl.write.1.tlog
c:\users\tohar\source\repos\homework1_consoleobserver\homework1_consoleobserver\x64\debug\homework.635fc7dd.tlog\link.command.1.tlog
c:\users\tohar\source\repos\homework1_consoleobserver\homework1_consoleobserver\x64\debug\homework.635fc7dd.tlog\link.read.1.tlog
c:\users\tohar\source\repos\homework1_consoleobserver\homework1_consoleobserver\x64\debug\homework.635fc7dd.tlog\link.write.1.tlog
